<?xml version="1.0" encoding="UTF-8"?>
<testsuite xmlns:xsi="http://www.w3.org/2001/XMLSchema-instance" xsi:noNamespaceSchemaLocation="https://maven.apache.org/surefire/maven-surefire-plugin/xsd/surefire-test-report.xsd" name="com.fsk.wechatroot.WeChatRootApplicationTests" time="0" tests="1" errors="0" skipped="0" failures="0">
  <properties>
    <property name="sun.desktop" value="windows"/>
    <property name="awt.toolkit" value="sun.awt.windows.WToolkit"/>
    <property name="file.encoding.pkg" value="sun.io"/>
    <property name="java.specification.version" value="1.8"/>
    <property name="sun.cpu.isalist" value="amd64"/>
    <property name="sun.jnu.encoding" value="GBK"/>
    <property name="java.class.path" value="C:\Users\12732\Desktop\codeing\WeChatRoot\target\test-classes;C:\Users\12732\Desktop\codeing\WeChatRoot\target\classes;D:\apache-maven-3.8.4\maven_repository\org\springframework\boot\spring-boot-starter-web\2.5.5\spring-boot-starter-web-2.5.5.jar;D:\apache-maven-3.8.4\maven_repository\org\springframework\boot\spring-boot-starter\2.5.5\spring-boot-starter-2.5.5.jar;D:\apache-maven-3.8.4\maven_repository\org\springframework\boot\spring-boot\2.5.5\spring-boot-2.5.5.jar;D:\apache-maven-3.8.4\maven_repository\org\springframework\boot\spring-boot-autoconfigure\2.5.5\spring-boot-autoconfigure-2.5.5.jar;D:\apache-maven-3.8.4\maven_repository\org\springframework\boot\spring-boot-starter-logging\2.5.5\spring-boot-starter-logging-2.5.5.jar;D:\apache-maven-3.8.4\maven_repository\ch\qos\logback\logback-classic\1.2.6\logback-classic-1.2.6.jar;D:\apache-maven-3.8.4\maven_repository\ch\qos\logback\logback-core\1.2.6\logback-core-1.2.6.jar;D:\apache-maven-3.8.4\maven_repository\org\apache\logging\log4j\log4j-to-slf4j\2.14.1\log4j-to-slf4j-2.14.1.jar;D:\apache-maven-3.8.4\maven_repository\org\apache\logging\log4j\log4j-api\2.14.1\log4j-api-2.14.1.jar;D:\apache-maven-3.8.4\maven_repository\org\slf4j\jul-to-slf4j\1.7.32\jul-to-slf4j-1.7.32.jar;D:\apache-maven-3.8.4\maven_repository\jakarta\annotation\jakarta.annotation-api\1.3.5\jakarta.annotation-api-1.3.5.jar;D:\apache-maven-3.8.4\maven_repository\org\yaml\snakeyaml\1.28\snakeyaml-1.28.jar;D:\apache-maven-3.8.4\maven_repository\org\springframework\boot\spring-boot-starter-json\2.5.5\spring-boot-starter-json-2.5.5.jar;D:\apache-maven-3.8.4\maven_repository\com\fasterxml\jackson\core\jackson-databind\2.12.5\jackson-databind-2.12.5.jar;D:\apache-maven-3.8.4\maven_repository\com\fasterxml\jackson\core\jackson-annotations\2.12.5\jackson-annotations-2.12.5.jar;D:\apache-maven-3.8.4\maven_repository\com\fasterxml\jackson\core\jackson-core\2.12.5\jackson-core-2.12.5.jar;D:\apache-maven-3.8.4\maven_repository\com\fasterxml\jackson\datatype\jackson-datatype-jdk8\2.12.5\jackson-datatype-jdk8-2.12.5.jar;D:\apache-maven-3.8.4\maven_repository\com\fasterxml\jackson\datatype\jackson-datatype-jsr310\2.12.5\jackson-datatype-jsr310-2.12.5.jar;D:\apache-maven-3.8.4\maven_repository\com\fasterxml\jackson\module\jackson-module-parameter-names\2.12.5\jackson-module-parameter-names-2.12.5.jar;D:\apache-maven-3.8.4\maven_repository\org\springframework\boot\spring-boot-starter-tomcat\2.5.5\spring-boot-starter-tomcat-2.5.5.jar;D:\apache-maven-3.8.4\maven_repository\org\apache\tomcat\embed\tomcat-embed-core\9.0.53\tomcat-embed-core-9.0.53.jar;D:\apache-maven-3.8.4\maven_repository\org\apache\tomcat\embed\tomcat-embed-el\9.0.53\tomcat-embed-el-9.0.53.jar;D:\apache-maven-3.8.4\maven_repository\org\apache\tomcat\embed\tomcat-embed-websocket\9.0.53\tomcat-embed-websocket-9.0.53.jar;D:\apache-maven-3.8.4\maven_repository\org\springframework\spring-web\5.3.10\spring-web-5.3.10.jar;D:\apache-maven-3.8.4\maven_repository\org\springframework\spring-beans\5.3.10\spring-beans-5.3.10.jar;D:\apache-maven-3.8.4\maven_repository\org\springframework\spring-webmvc\5.3.10\spring-webmvc-5.3.10.jar;D:\apache-maven-3.8.4\maven_repository\org\springframework\spring-aop\5.3.10\spring-aop-5.3.10.jar;D:\apache-maven-3.8.4\maven_repository\org\springframework\spring-context\5.3.10\spring-context-5.3.10.jar;D:\apache-maven-3.8.4\maven_repository\org\springframework\spring-expression\5.3.10\spring-expression-5.3.10.jar;D:\apache-maven-3.8.4\maven_repository\org\mybatis\spring\boot\mybatis-spring-boot-starter\2.2.2\mybatis-spring-boot-starter-2.2.2.jar;D:\apache-maven-3.8.4\maven_repository\org\springframework\boot\spring-boot-starter-jdbc\2.5.5\spring-boot-starter-jdbc-2.5.5.jar;D:\apache-maven-3.8.4\maven_repository\com\zaxxer\HikariCP\4.0.3\HikariCP-4.0.3.jar;D:\apache-maven-3.8.4\maven_repository\org\springframework\spring-jdbc\5.3.10\spring-jdbc-5.3.10.jar;D:\apache-maven-3.8.4\maven_repository\org\springframework\spring-tx\5.3.10\spring-tx-5.3.10.jar;D:\apache-maven-3.8.4\maven_repository\org\mybatis\spring\boot\mybatis-spring-boot-autoconfigure\2.2.2\mybatis-spring-boot-autoconfigure-2.2.2.jar;D:\apache-maven-3.8.4\maven_repository\org\mybatis\mybatis\3.5.9\mybatis-3.5.9.jar;D:\apache-maven-3.8.4\maven_repository\org\mybatis\mybatis-spring\2.0.7\mybatis-spring-2.0.7.jar;D:\apache-maven-3.8.4\maven_repository\mysql\mysql-connector-java\8.0.26\mysql-connector-java-8.0.26.jar;D:\apache-maven-3.8.4\maven_repository\org\projectlombok\lombok\1.18.20\lombok-1.18.20.jar;D:\apache-maven-3.8.4\maven_repository\org\springframework\boot\spring-boot-starter-test\2.5.5\spring-boot-starter-test-2.5.5.jar;D:\apache-maven-3.8.4\maven_repository\org\springframework\boot\spring-boot-test\2.5.5\spring-boot-test-2.5.5.jar;D:\apache-maven-3.8.4\maven_repository\org\springframework\boot\spring-boot-test-autoconfigure\2.5.5\spring-boot-test-autoconfigure-2.5.5.jar;D:\apache-maven-3.8.4\maven_repository\com\jayway\jsonpath\json-path\2.5.0\json-path-2.5.0.jar;D:\apache-maven-3.8.4\maven_repository\net\minidev\json-smart\2.4.7\json-smart-2.4.7.jar;D:\apache-maven-3.8.4\maven_repository\net\minidev\accessors-smart\2.4.7\accessors-smart-2.4.7.jar;D:\apache-maven-3.8.4\maven_repository\org\ow2\asm\asm\9.1\asm-9.1.jar;D:\apache-maven-3.8.4\maven_repository\org\slf4j\slf4j-api\1.7.32\slf4j-api-1.7.32.jar;D:\apache-maven-3.8.4\maven_repository\jakarta\xml\bind\jakarta.xml.bind-api\2.3.3\jakarta.xml.bind-api-2.3.3.jar;D:\apache-maven-3.8.4\maven_repository\jakarta\activation\jakarta.activation-api\1.2.2\jakarta.activation-api-1.2.2.jar;D:\apache-maven-3.8.4\maven_repository\org\assertj\assertj-core\3.19.0\assertj-core-3.19.0.jar;D:\apache-maven-3.8.4\maven_repository\org\hamcrest\hamcrest\2.2\hamcrest-2.2.jar;D:\apache-maven-3.8.4\maven_repository\org\junit\jupiter\junit-jupiter\5.7.2\junit-jupiter-5.7.2.jar;D:\apache-maven-3.8.4\maven_repository\org\junit\jupiter\junit-jupiter-api\5.7.2\junit-jupiter-api-5.7.2.jar;D:\apache-maven-3.8.4\maven_repository\org\apiguardian\apiguardian-api\1.1.0\apiguardian-api-1.1.0.jar;D:\apache-maven-3.8.4\maven_repository\org\opentest4j\opentest4j\1.2.0\opentest4j-1.2.0.jar;D:\apache-maven-3.8.4\maven_repository\org\junit\platform\junit-platform-commons\1.7.2\junit-platform-commons-1.7.2.jar;D:\apache-maven-3.8.4\maven_repository\org\junit\jupiter\junit-jupiter-params\5.7.2\junit-jupiter-params-5.7.2.jar;D:\apache-maven-3.8.4\maven_repository\org\junit\jupiter\junit-jupiter-engine\5.7.2\junit-jupiter-engine-5.7.2.jar;D:\apache-maven-3.8.4\maven_repository\org\junit\platform\junit-platform-engine\1.7.2\junit-platform-engine-1.7.2.jar;D:\apache-maven-3.8.4\maven_repository\org\mockito\mockito-core\3.9.0\mockito-core-3.9.0.jar;D:\apache-maven-3.8.4\maven_repository\net\bytebuddy\byte-buddy\1.10.22\byte-buddy-1.10.22.jar;D:\apache-maven-3.8.4\maven_repository\net\bytebuddy\byte-buddy-agent\1.10.22\byte-buddy-agent-1.10.22.jar;D:\apache-maven-3.8.4\maven_repository\org\objenesis\objenesis\3.2\objenesis-3.2.jar;D:\apache-maven-3.8.4\maven_repository\org\mockito\mockito-junit-jupiter\3.9.0\mockito-junit-jupiter-3.9.0.jar;D:\apache-maven-3.8.4\maven_repository\org\skyscreamer\jsonassert\1.5.0\jsonassert-1.5.0.jar;D:\apache-maven-3.8.4\maven_repository\com\vaadin\external\google\android-json\0.0.20131108.vaadin1\android-json-0.0.20131108.vaadin1.jar;D:\apache-maven-3.8.4\maven_repository\org\springframework\spring-core\5.3.10\spring-core-5.3.10.jar;D:\apache-maven-3.8.4\maven_repository\org\springframework\spring-jcl\5.3.10\spring-jcl-5.3.10.jar;D:\apache-maven-3.8.4\maven_repository\org\springframework\spring-test\5.3.10\spring-test-5.3.10.jar;D:\apache-maven-3.8.4\maven_repository\org\xmlunit\xmlunit-core\2.8.2\xmlunit-core-2.8.2.jar;D:\apache-maven-3.8.4\maven_repository\commons-httpclient\commons-httpclient\3.1\commons-httpclient-3.1.jar;D:\apache-maven-3.8.4\maven_repository\commons-logging\commons-logging\1.0.4\commons-logging-1.0.4.jar;D:\apache-maven-3.8.4\maven_repository\commons-codec\commons-codec\1.14\commons-codec-1.14.jar;D:\apache-maven-3.8.4\maven_repository\org\apache\httpcomponents\httpclient\4.5\httpclient-4.5.jar;D:\apache-maven-3.8.4\maven_repository\org\apache\httpcomponents\httpcore\4.4.14\httpcore-4.4.14.jar;D:\apache-maven-3.8.4\maven_repository\com\thoughtworks\xstream\xstream\1.2.2\xstream-1.2.2.jar;D:\apache-maven-3.8.4\maven_repository\xpp3\xpp3_min\1.1.3.4.O\xpp3_min-1.1.3.4.O.jar;D:\apache-maven-3.8.4\maven_repository\com\squareup\okhttp3\okhttp\3.9.1\okhttp-3.9.1.jar;D:\apache-maven-3.8.4\maven_repository\com\squareup\okio\okio\1.13.0\okio-1.13.0.jar;D:\apache-maven-3.8.4\maven_repository\com\alibaba\fastjson\1.2.28\fastjson-1.2.28.jar;D:\apache-maven-3.8.4\maven_repository\dom4j\dom4j\1.1\dom4j-1.1.jar;"/>
    <property name="java.vm.vendor" value="Oracle Corporation"/>
    <property name="sun.arch.data.model" value="64"/>
    <property name="user.variant" value=""/>
    <property name="java.vendor.url" value="http://java.oracle.com/"/>
    <property name="user.timezone" value="Asia/Shanghai"/>
    <property name="java.vm.specification.version" value="1.8"/>
    <property name="os.name" value="Windows 10"/>
    <property name="user.country" value="CN"/>
    <property name="sun.java.launcher" value="SUN_STANDARD"/>
    <property name="sun.boot.library.path" value="D:\Java\jdk1.8.0_181\jre\bin"/>
    <property name="sun.java.command" value="C:\Users\12732\AppData\Local\Temp\surefire430998673415897146\surefirebooter7342899517405807564.jar C:\Users\12732\AppData\Local\Temp\surefire430998673415897146 2022-09-15T01-44-42_524-jvmRun1 surefire4152010586462764189tmp surefire_03455462550891478222tmp"/>
    <property name="surefire.test.class.path" value="C:\Users\12732\Desktop\codeing\WeChatRoot\target\test-classes;C:\Users\12732\Desktop\codeing\WeChatRoot\target\classes;D:\apache-maven-3.8.4\maven_repository\org\springframework\boot\spring-boot-starter-web\2.5.5\spring-boot-starter-web-2.5.5.jar;D:\apache-maven-3.8.4\maven_repository\org\springframework\boot\spring-boot-starter\2.5.5\spring-boot-starter-2.5.5.jar;D:\apache-maven-3.8.4\maven_repository\org\springframework\boot\spring-boot\2.5.5\spring-boot-2.5.5.jar;D:\apache-maven-3.8.4\maven_repository\org\springframework\boot\spring-boot-autoconfigure\2.5.5\spring-boot-autoconfigure-2.5.5.jar;D:\apache-maven-3.8.4\maven_repository\org\springframework\boot\spring-boot-starter-logging\2.5.5\spring-boot-starter-logging-2.5.5.jar;D:\apache-maven-3.8.4\maven_repository\ch\qos\logback\logback-classic\1.2.6\logback-classic-1.2.6.jar;D:\apache-maven-3.8.4\maven_repository\ch\qos\logback\logback-core\1.2.6\logback-core-1.2.6.jar;D:\apache-maven-3.8.4\maven_repository\org\apache\logging\log4j\log4j-to-slf4j\2.14.1\log4j-to-slf4j-2.14.1.jar;D:\apache-maven-3.8.4\maven_repository\org\apache\logging\log4j\log4j-api\2.14.1\log4j-api-2.14.1.jar;D:\apache-maven-3.8.4\maven_repository\org\slf4j\jul-to-slf4j\1.7.32\jul-to-slf4j-1.7.32.jar;D:\apache-maven-3.8.4\maven_repository\jakarta\annotation\jakarta.annotation-api\1.3.5\jakarta.annotation-api-1.3.5.jar;D:\apache-maven-3.8.4\maven_repository\org\yaml\snakeyaml\1.28\snakeyaml-1.28.jar;D:\apache-maven-3.8.4\maven_repository\org\springframework\boot\spring-boot-starter-json\2.5.5\spring-boot-starter-json-2.5.5.jar;D:\apache-maven-3.8.4\maven_repository\com\fasterxml\jackson\core\jackson-databind\2.12.5\jackson-databind-2.12.5.jar;D:\apache-maven-3.8.4\maven_repository\com\fasterxml\jackson\core\jackson-annotations\2.12.5\jackson-annotations-2.12.5.jar;D:\apache-maven-3.8.4\maven_repository\com\fasterxml\jackson\core\jackson-core\2.12.5\jackson-core-2.12.5.jar;D:\apache-maven-3.8.4\maven_repository\com\fasterxml\jackson\datatype\jackson-datatype-jdk8\2.12.5\jackson-datatype-jdk8-2.12.5.jar;D:\apache-maven-3.8.4\maven_repository\com\fasterxml\jackson\datatype\jackson-datatype-jsr310\2.12.5\jackson-datatype-jsr310-2.12.5.jar;D:\apache-maven-3.8.4\maven_repository\com\fasterxml\jackson\module\jackson-module-parameter-names\2.12.5\jackson-module-parameter-names-2.12.5.jar;D:\apache-maven-3.8.4\maven_repository\org\springframework\boot\spring-boot-starter-tomcat\2.5.5\spring-boot-starter-tomcat-2.5.5.jar;D:\apache-maven-3.8.4\maven_repository\org\apache\tomcat\embed\tomcat-embed-core\9.0.53\tomcat-embed-core-9.0.53.jar;D:\apache-maven-3.8.4\maven_repository\org\apache\tomcat\embed\tomcat-embed-el\9.0.53\tomcat-embed-el-9.0.53.jar;D:\apache-maven-3.8.4\maven_repository\org\apache\tomcat\embed\tomcat-embed-websocket\9.0.53\tomcat-embed-websocket-9.0.53.jar;D:\apache-maven-3.8.4\maven_repository\org\springframework\spring-web\5.3.10\spring-web-5.3.10.jar;D:\apache-maven-3.8.4\maven_repository\org\springframework\spring-beans\5.3.10\spring-beans-5.3.10.jar;D:\apache-maven-3.8.4\maven_repository\org\springframework\spring-webmvc\5.3.10\spring-webmvc-5.3.10.jar;D:\apache-maven-3.8.4\maven_repository\org\springframework\spring-aop\5.3.10\spring-aop-5.3.10.jar;D:\apache-maven-3.8.4\maven_repository\org\springframework\spring-context\5.3.10\spring-context-5.3.10.jar;D:\apache-maven-3.8.4\maven_repository\org\springframework\spring-expression\5.3.10\spring-expression-5.3.10.jar;D:\apache-maven-3.8.4\maven_repository\org\mybatis\spring\boot\mybatis-spring-boot-starter\2.2.2\mybatis-spring-boot-starter-2.2.2.jar;D:\apache-maven-3.8.4\maven_repository\org\springframework\boot\spring-boot-starter-jdbc\2.5.5\spring-boot-starter-jdbc-2.5.5.jar;D:\apache-maven-3.8.4\maven_repository\com\zaxxer\HikariCP\4.0.3\HikariCP-4.0.3.jar;D:\apache-maven-3.8.4\maven_repository\org\springframework\spring-jdbc\5.3.10\spring-jdbc-5.3.10.jar;D:\apache-maven-3.8.4\maven_repository\org\springframework\spring-tx\5.3.10\spring-tx-5.3.10.jar;D:\apache-maven-3.8.4\maven_repository\org\mybatis\spring\boot\mybatis-spring-boot-autoconfigure\2.2.2\mybatis-spring-boot-autoconfigure-2.2.2.jar;D:\apache-maven-3.8.4\maven_repository\org\mybatis\mybatis\3.5.9\mybatis-3.5.9.jar;D:\apache-maven-3.8.4\maven_repository\org\mybatis\mybatis-spring\2.0.7\mybatis-spring-2.0.7.jar;D:\apache-maven-3.8.4\maven_repository\mysql\mysql-connector-java\8.0.26\mysql-connector-java-8.0.26.jar;D:\apache-maven-3.8.4\maven_repository\org\projectlombok\lombok\1.18.20\lombok-1.18.20.jar;D:\apache-maven-3.8.4\maven_repository\org\springframework\boot\spring-boot-starter-test\2.5.5\spring-boot-starter-test-2.5.5.jar;D:\apache-maven-3.8.4\maven_repository\org\springframework\boot\spring-boot-test\2.5.5\spring-boot-test-2.5.5.jar;D:\apache-maven-3.8.4\maven_repository\org\springframework\boot\spring-boot-test-autoconfigure\2.5.5\spring-boot-test-autoconfigure-2.5.5.jar;D:\apache-maven-3.8.4\maven_repository\com\jayway\jsonpath\json-path\2.5.0\json-path-2.5.0.jar;D:\apache-maven-3.8.4\maven_repository\net\minidev\json-smart\2.4.7\json-smart-2.4.7.jar;D:\apache-maven-3.8.4\maven_repository\net\minidev\accessors-smart\2.4.7\accessors-smart-2.4.7.jar;D:\apache-maven-3.8.4\maven_repository\org\ow2\asm\asm\9.1\asm-9.1.jar;D:\apache-maven-3.8.4\maven_repository\org\slf4j\slf4j-api\1.7.32\slf4j-api-1.7.32.jar;D:\apache-maven-3.8.4\maven_repository\jakarta\xml\bind\jakarta.xml.bind-api\2.3.3\jakarta.xml.bind-api-2.3.3.jar;D:\apache-maven-3.8.4\maven_repository\jakarta\activation\jakarta.activation-api\1.2.2\jakarta.activation-api-1.2.2.jar;D:\apache-maven-3.8.4\maven_repository\org\assertj\assertj-core\3.19.0\assertj-core-3.19.0.jar;D:\apache-maven-3.8.4\maven_repository\org\hamcrest\hamcrest\2.2\hamcrest-2.2.jar;D:\apache-maven-3.8.4\maven_repository\org\junit\jupiter\junit-jupiter\5.7.2\junit-jupiter-5.7.2.jar;D:\apache-maven-3.8.4\maven_repository\org\junit\jupiter\junit-jupiter-api\5.7.2\junit-jupiter-api-5.7.2.jar;D:\apache-maven-3.8.4\maven_repository\org\apiguardian\apiguardian-api\1.1.0\apiguardian-api-1.1.0.jar;D:\apache-maven-3.8.4\maven_repository\org\opentest4j\opentest4j\1.2.0\opentest4j-1.2.0.jar;D:\apache-maven-3.8.4\maven_repository\org\junit\platform\junit-platform-commons\1.7.2\junit-platform-commons-1.7.2.jar;D:\apache-maven-3.8.4\maven_repository\org\junit\jupiter\junit-jupiter-params\5.7.2\junit-jupiter-params-5.7.2.jar;D:\apache-maven-3.8.4\maven_repository\org\junit\jupiter\junit-jupiter-engine\5.7.2\junit-jupiter-engine-5.7.2.jar;D:\apache-maven-3.8.4\maven_repository\org\junit\platform\junit-platform-engine\1.7.2\junit-platform-engine-1.7.2.jar;D:\apache-maven-3.8.4\maven_repository\org\mockito\mockito-core\3.9.0\mockito-core-3.9.0.jar;D:\apache-maven-3.8.4\maven_repository\net\bytebuddy\byte-buddy\1.10.22\byte-buddy-1.10.22.jar;D:\apache-maven-3.8.4\maven_repository\net\bytebuddy\byte-buddy-agent\1.10.22\byte-buddy-agent-1.10.22.jar;D:\apache-maven-3.8.4\maven_repository\org\objenesis\objenesis\3.2\objenesis-3.2.jar;D:\apache-maven-3.8.4\maven_repository\org\mockito\mockito-junit-jupiter\3.9.0\mockito-junit-jupiter-3.9.0.jar;D:\apache-maven-3.8.4\maven_repository\org\skyscreamer\jsonassert\1.5.0\jsonassert-1.5.0.jar;D:\apache-maven-3.8.4\maven_repository\com\vaadin\external\google\android-json\0.0.20131108.vaadin1\android-json-0.0.20131108.vaadin1.jar;D:\apache-maven-3.8.4\maven_repository\org\springframework\spring-core\5.3.10\spring-core-5.3.10.jar;D:\apache-maven-3.8.4\maven_repository\org\springframework\spring-jcl\5.3.10\spring-jcl-5.3.10.jar;D:\apache-maven-3.8.4\maven_repository\org\springframework\spring-test\5.3.10\spring-test-5.3.10.jar;D:\apache-maven-3.8.4\maven_repository\org\xmlunit\xmlunit-core\2.8.2\xmlunit-core-2.8.2.jar;D:\apache-maven-3.8.4\maven_repository\commons-httpclient\commons-httpclient\3.1\commons-httpclient-3.1.jar;D:\apache-maven-3.8.4\maven_repository\commons-logging\commons-logging\1.0.4\commons-logging-1.0.4.jar;D:\apache-maven-3.8.4\maven_repository\commons-codec\commons-codec\1.14\commons-codec-1.14.jar;D:\apache-maven-3.8.4\maven_repository\org\apache\httpcomponents\httpclient\4.5\httpclient-4.5.jar;D:\apache-maven-3.8.4\maven_repository\org\apache\httpcomponents\httpcore\4.4.14\httpcore-4.4.14.jar;D:\apache-maven-3.8.4\maven_repository\com\thoughtworks\xstream\xstream\1.2.2\xstream-1.2.2.jar;D:\apache-maven-3.8.4\maven_repository\xpp3\xpp3_min\1.1.3.4.O\xpp3_min-1.1.3.4.O.jar;D:\apache-maven-3.8.4\maven_repository\com\squareup\okhttp3\okhttp\3.9.1\okhttp-3.9.1.jar;D:\apache-maven-3.8.4\maven_repository\com\squareup\okio\okio\1.13.0\okio-1.13.0.jar;D:\apache-maven-3.8.4\maven_repository\com\alibaba\fastjson\1.2.28\fastjson-1.2.28.jar;D:\apache-maven-3.8.4\maven_repository\dom4j\dom4j\1.1\dom4j-1.1.jar;"/>
    <property name="sun.cpu.endian" value="little"/>
    <property name="user.home" value="C:\Users\12732"/>
    <property name="user.language" value="zh"/>
    <property name="java.specification.vendor" value="Oracle Corporation"/>
    <property name="java.home" value="D:\Java\jdk1.8.0_181\jre"/>
    <property name="basedir" value="C:\Users\12732\Desktop\codeing\WeChatRoot"/>
    <property name="file.separator" value="\"/>
    <property name="line.separator" value="&#10;"/>
    <property name="java.vm.specification.vendor" value="Oracle Corporation"/>
    <property name="java.specification.name" value="Java Platform API Specification"/>
    <property name="java.awt.graphicsenv" value="sun.awt.Win32GraphicsEnvironment"/>
    <property name="surefire.real.class.path" value="C:\Users\12732\AppData\Local\Temp\surefire430998673415897146\surefirebooter7342899517405807564.jar"/>
    <property name="sun.boot.class.path" value="D:\Java\jdk1.8.0_181\jre\lib\resources.jar;D:\Java\jdk1.8.0_181\jre\lib\rt.jar;D:\Java\jdk1.8.0_181\jre\lib\sunrsasign.jar;D:\Java\jdk1.8.0_181\jre\lib\jsse.jar;D:\Java\jdk1.8.0_181\jre\lib\jce.jar;D:\Java\jdk1.8.0_181\jre\lib\charsets.jar;D:\Java\jdk1.8.0_181\jre\lib\jfr.jar;D:\Java\jdk1.8.0_181\jre\classes"/>
    <property name="user.script" value=""/>
    <property name="sun.management.compiler" value="HotSpot 64-Bit Tiered Compilers"/>
    <property name="java.runtime.version" value="1.8.0_181-b13"/>
    <property name="user.name" value="12732"/>
    <property name="path.separator" value=";"/>
    <property name="os.version" value="10.0"/>
    <property name="java.endorsed.dirs" value="D:\Java\jdk1.8.0_181\jre\lib\endorsed"/>
    <property name="java.runtime.name" value="Java(TM) SE Runtime Environment"/>
    <property name="file.encoding" value="GBK"/>
    <property name="java.vm.name" value="Java HotSpot(TM) 64-Bit Server VM"/>
    <property name="localRepository" value="D:\apache-maven-3.8.4\maven_repository"/>
    <property name="java.vendor.url.bug" value="http://bugreport.sun.com/bugreport/"/>
    <property name="java.io.tmpdir" value="C:\Users\12732\AppData\Local\Temp\"/>
    <property name="idea.version" value="2021.1"/>
    <property name="java.version" value="1.8.0_181"/>
    <property name="user.dir" value="C:\Users\12732\Desktop\codeing\WeChatRoot"/>
    <property name="os.arch" value="amd64"/>
    <property name="java.vm.specification.name" value="Java Virtual Machine Specification"/>
    <property name="java.awt.printerjob" value="sun.awt.windows.WPrinterJob"/>
    <property name="sun.os.patch.level" value=""/>
    <property name="java.library.path" value="D:\Java\jdk1.8.0_181\jre\bin;C:\Windows\Sun\Java\bin;C:\Windows\system32;C:\Windows;C:\Windows\system32;C:\Windows;C:\Windows\System32\Wbem;C:\Windows\System32\WindowsPowerShell\v1.0\;C:\Windows\System32\OpenSSH\;C:\Program Files (x86)\NVIDIA Corporation\PhysX\Common;C:\Program Files\NVIDIA Corporation\NVIDIA NvDLISR;D:\Java\jdk1.8.0_181\bin;D:\Java\jdk1.8.0_181\jre\bin;C:\Program Files (x86)\Common Files\Oracle\Java\javapath;D:\mysql-8.0.27-winx64;D:\mysql-8.0.27-winx64\bin;D:\apache-tomcat-9.0.58\bin;D:\apache-maven-3.8.4\bin;D:\nodejs\;D:\nodejs\node_global;D:\apache-VC15\Apache24\bin;D:\php-7.4.30-Win32-vc15-x64;D:\instantclient-basic-windows.x64-11.2.0.4.0\instantclient_11_2;D:\Go\bin;C:\Users\12732\Desktop\codeing\GoCode;C:\Users\12732\AppData\Local\Microsoft\WindowsApps;C:\Users\12732\AppData\Roaming\npm;D:\Microsoft VS Code Insiders\bin;C:\Users\12732\go\bin;."/>
    <property name="java.vm.info" value="mixed mode"/>
    <property name="java.vendor" value="Oracle Corporation"/>
    <property name="java.vm.version" value="25.181-b13"/>
    <property name="java.ext.dirs" value="D:\Java\jdk1.8.0_181\jre\lib\ext;C:\Windows\Sun\Java\lib\ext"/>
    <property name="sun.io.unicode.encoding" value="UnicodeLittle"/>
    <property name="maven.repo.local" value="D:\apache-maven-3.8.4\maven_repository"/>
    <property name="java.class.version" value="52.0"/>
  </properties>
  <testcase name="contextLoads" classname="com.fsk.wechatroot.WeChatRootApplicationTests" time="0"/>
</testsuite>